heartbeat;D:\github\reportspace\source\ReportSpace.WebApplication\Web.config;10;3/16/2015 9:31:07 AM
heartbeat;D:\github\reportspace\source\ReportSpace.WebApplication\Web.config;19;3/16/2015 9:31:45 AM
heartbeat;D:\github\reportspace\source\ReportSpace.WebApplication\Web.config;4;3/16/2015 9:31:47 AM
heartbeat;D:\github\reportspace\source\ReportSpace.WebApplication\Web.config;11;3/16/2015 9:31:50 AM
heartbeat;D:\github\reportspace\source\ReportSpace.WebApplication\Web.config;19;3/16/2015 9:31:50 AM
heartbeat;D:\github\reportspace\source\ReportSpace.Core\Extensions.cs;16;3/16/2015 9:31:59 AM
heartbeat;D:\github\reportspace\source\ReportSpace.WebApplication\Web.config;34;3/16/2015 9:32:20 AM
heartbeat;D:\github\reportspace\source\ReportSpace.WebApplication\Web.config;32;3/16/2015 9:32:22 AM
heartbeat;D:\github\reportspace\source\ReportSpace.WebApplication\Web.config;17;3/16/2015 9:33:23 AM
heartbeat;D:\github\reportspace\source\ReportSpace.WebApplication\Web.config;5;3/16/2015 9:33:25 AM
heartbeat;D:\github\reportspace\source\ReportSpace.WebApplication\Web.config;13;3/16/2015 9:41:02 AM
heartbeat;D:\github\reportspace\source\ReportSpace.WebApplication\Web.config;23;3/16/2015 9:41:56 AM
heartbeat;D:\github\reportspace\source\ReportSpace.WebApplication\Web.config;26;3/16/2015 9:43:00 AM
heartbeat;D:\github\reportspace\source\ReportSpace.WebApplication\Web.config;19;3/16/2015 9:44:13 AM
heartbeat;D:\github\reportspace\source\ReportSpace.WebApplication\Web.config;3;3/16/2015 9:44:19 AM
heartbeat;D:\github\reportspace\source\ReportSpace.WebApplication\Web.config;17;3/16/2015 9:52:25 AM
heartbeat;D:\github\reportspace\source\ReportSpace.WebApplication\Web.config;21;3/16/2015 11:00:16 AM
heartbeat;D:\github\reportspace\source\ReportSpace.WebApplication\Web.config;6;3/16/2015 11:00:19 AM
heartbeat;D:\github\reportspace\source\ReportSpace.WebApplication\Web.config;12;3/16/2015 11:00:39 AM
heartbeat;D:\github\reportspace\source\ReportSpace.WebApplication\Web.config;12;3/16/2015 11:03:11 AM
heartbeat;D:\github\reportspace\source\ReportSpace.WebApplication\Controllers\HomeController.cs;62;3/16/2015 1:08:19 PM
heartbeat;D:\github\reportspace\source\ReportSpace.WebApplication\Controllers\HomeController.cs;65;3/16/2015 1:08:36 PM
heartbeat;D:\github\reportspace\source\ReportSpace.WebApplication\Controllers\HomeController.cs;62;3/16/2015 1:08:37 PM
heartbeat;D:\github\reportspace\source\ReportSpace.WebApplication\Controllers\HomeController.cs;57;3/16/2015 1:08:39 PM
heartbeat;D:\github\reportspace\source\ReportSpace.WebApplication\Controllers\HomeController.cs;61;3/16/2015 1:09:38 PM
heartbeat;D:\github\reportspace\source\ReportSpace.WebApplication\Controllers\HomeController.cs;54;3/16/2015 1:09:39 PM
heartbeat;D:\github\reportspace\source\ReportSpace.WebApplication\Controllers\HomeController.cs;58;3/16/2015 1:09:41 PM
heartbeat;D:\github\reportspace\source\ReportSpace.WebApplication\Controllers\HomeController.cs;55;3/16/2015 1:09:41 PM
heartbeat;D:\github\reportspace\source\ReportSpace.WebApplication\Controllers\HomeController.cs;59;3/16/2015 1:10:58 PM
heartbeat;D:\github\reportspace\source\ReportSpace.WebApplication\Controllers\HomeController.cs;68;3/16/2015 1:11:39 PM
heartbeat;D:\github\reportspace\source\ReportSpace.WebApplication\Views\Home\Index.cshtml;15;3/16/2015 1:14:43 PM
heartbeat;D:\github\reportspace\source\ReportSpace.WebApplication\Controllers\HomeController.cs;19;3/16/2015 1:14:54 PM
heartbeat;D:\github\reportspace\source\ReportSpace.WebApplication\Controllers\HomeController.cs;25;3/16/2015 1:14:56 PM
heartbeat;D:\github\reportspace\source\ReportSpace.WebApplication\Controllers\HomeController.cs;18;3/16/2015 1:14:57 PM
heartbeat;D:\github\reportspace\source\ReportSpace.WebApplication\Controllers\HomeController.cs;10;3/16/2015 1:15:49 PM
heartbeat;D:\github\reportspace\source\ReportSpace.WebApplication\Controllers\HomeController.cs;19;3/16/2015 1:15:58 PM
heartbeat;D:\github\reportspace\source\ReportSpace.WebApplication\Controllers\HomeController.cs;19;3/16/2015 1:16:26 PM
heartbeat;D:\github\reportspace\source\ReportSpace.WebApplication\Controllers\HomeController.cs;21;3/16/2015 1:16:28 PM
heartbeat;D:\github\reportspace\source\ReportSpace.WebApplication\Controllers\HomeController.cs;22;3/16/2015 1:16:40 PM
heartbeat;D:\github\reportspace\source\ReportSpace.PMP\PMPReportAccess.cs;41;3/16/2015 1:17:28 PM
heartbeat;D:\github\reportspace\source\ReportSpace.PMP\PMPReportAccess.cs;39;3/16/2015 1:17:32 PM
heartbeat;D:\github\reportspace\source\ReportSpace.PMP\PMPReportAccess.cs;37;3/16/2015 1:18:34 PM
heartbeat;D:\github\reportspace\source\ReportSpace.WebApplication\Web.config;9;3/16/2015 1:41:54 PM
heartbeat;D:\github\reportspace\source\ReportSpace.WebApplication\Web.config;14;3/16/2015 1:41:56 PM
heartbeat;D:\github\reportspace\source\ReportSpace.WebApplication\Web.config;16;3/16/2015 1:42:02 PM
heartbeat;D:\github\reportspace\source\ReportSpace.PMP\PMPReportAccess.cs;37;3/16/2015 1:42:06 PM
heartbeat;D:\github\reportspace\source\ReportSpace.PMP\PMPReportAccess.cs;46;3/16/2015 1:42:07 PM
heartbeat;D:\github\reportspace\source\ReportSpace.PMP\PMPReportAccess.cs;52;3/16/2015 1:42:46 PM
heartbeat;D:\github\reportspace\source\ReportSpace.PMP\PMPReportAccess.cs;58;3/16/2015 1:42:54 PM
heartbeat;D:\github\reportspace\source\ReportSpace.WebApplication\Web.config;7;3/16/2015 1:43:10 PM
heartbeat;D:\github\reportspace\source\ReportSpace.WebApplication\Web.config;15;3/16/2015 1:43:26 PM
heartbeat;D:\github\reportspace\source\ReportSpace.PMP\PMPReportAccess.cs;41;3/16/2015 1:43:41 PM
heartbeat;D:\github\reportspace\source\ReportSpace.PMP\PMPReportAccess.cs;37;3/16/2015 1:44:26 PM
heartbeat;D:\github\reportspace\source\ReportSpace.WebApplication\Web.config;1;3/16/2015 1:44:45 PM
heartbeat;D:\github\reportspace\source\ReportSpace.WebApplication\Web.config;16;3/16/2015 1:44:53 PM
heartbeat;D:\github\reportspace\source\ReportSpace.WebApplication\Web.config;6;3/16/2015 1:44:56 PM
heartbeat;D:\github\reportspace\source\ReportSpace.WebApplication\Web.config;26;3/16/2015 1:45:03 PM
heartbeat;D:\github\reportspace\source\ReportSpace.WebApplication\Web.config;22;3/16/2015 1:45:03 PM
heartbeat;D:\github\reportspace\source\ReportSpace.WebApplication\Web.config;22;3/16/2015 1:45:29 PM
heartbeat;D:\github\reportspace\source\ReportSpace.WebApplication\Web.config;18;3/16/2015 1:45:42 PM
heartbeat;D:\github\reportspace\source\ReportSpace.WebApplication\Web.config;15;3/16/2015 1:45:42 PM
heartbeat;D:\github\reportspace\source\ReportSpace.WebApplication\Web.config;7;3/16/2015 1:45:55 PM
heartbeat;D:\github\reportspace\source\ReportSpace.WebApplication\Web.config;13;3/16/2015 1:47:27 PM
heartbeat;D:\github\reportspace\source\ReportSpace.WebApplication\Web.config;39;3/16/2015 1:47:34 PM
heartbeat;D:\github\reportspace\source\ReportSpace.WebApplication\Views\Home\Report_ClientHours.cshtml;43;3/16/2015 1:48:04 PM
heartbeat;D:\github\reportspace\source\ReportSpace.WebApplication\Views\Home\Report_ClientHours.cshtml;34;3/16/2015 1:48:06 PM
heartbeat;D:\github\reportspace\source\ReportSpace.WebApplication\Views\Home\Report_ClientHours.cshtml;48;3/16/2015 1:48:18 PM
heartbeat;D:\github\reportspace\source\ReportSpace.WebApplication\Views\Home\Report_ClientHours.cshtml;35;3/16/2015 1:48:27 PM
heartbeat;D:\github\reportspace\source\ReportSpace.WebApplication\Views\Home\Report_ClientHours.cshtml;49;3/16/2015 1:48:33 PM
heartbeat;D:\github\reportspace\source\ReportSpace.WebApplication\Views\Home\Report_ClientHours.cshtml;56;3/16/2015 1:48:42 PM
heartbeat;D:\github\reportspace\source\ReportSpace.WebApplication\Views\Home\Report_ClientHours.cshtml;34;3/16/2015 1:48:43 PM
heartbeat;D:\github\reportspace\source\ReportSpace.WebApplication\Views\Home\Report_ClientHours.cshtml;37;3/16/2015 1:50:01 PM
heartbeat;D:\github\reportspace\source\ReportSpace.WebApplication\Views\Home\Report_ClientHours.cshtml;41;3/16/2015 1:50:10 PM
heartbeat;D:\github\reportspace\source\ReportSpace.WebApplication\Views\Home\Report_ClientHours.cshtml;42;3/16/2015 1:50:11 PM
heartbeat;D:\github\reportspace\source\ReportSpace.WebApplication\Views\Home\Report_ClientHours.cshtml;42;3/16/2015 1:50:13 PM
heartbeat;D:\github\reportspace\source\ReportSpace.WebApplication\Views\Home\Report_ClientHours.cshtml;43;3/16/2015 1:50:15 PM
heartbeat;D:\github\reportspace\source\ReportSpace.WebApplication\Views\Home\Report_ClientHours.cshtml;48;3/16/2015 1:50:17 PM
heartbeat;D:\github\reportspace\source\ReportSpace.WebApplication\Views\Home\Report_ClientHours.cshtml;54;3/16/2015 1:50:17 PM
heartbeat;D:\github\reportspace\source\ReportSpace.WebApplication\Views\Home\Report_ClientHours.cshtml;60;3/16/2015 1:50:18 PM
heartbeat;D:\github\reportspace\source\ReportSpace.WebApplication\Views\Home\Report_ClientHours.cshtml;66;3/16/2015 1:50:20 PM
heartbeat;D:\github\reportspace\source\ReportSpace.WebApplication\Views\Home\Report_ClientHours.cshtml;72;3/16/2015 1:50:20 PM
heartbeat;D:\github\reportspace\source\ReportSpace.WebApplication\Views\Home\Report_ClientHours.cshtml;66;3/16/2015 1:50:55 PM
heartbeat;D:\github\reportspace\source\ReportSpace.WebApplication\Views\Home\Report_ClientHours.cshtml;61;3/16/2015 1:50:55 PM
heartbeat;D:\github\reportspace\source\ReportSpace.WebApplication\Views\Home\Report_ClientHours.cshtml;55;3/16/2015 1:50:55 PM
heartbeat;D:\github\reportspace\source\ReportSpace.WebApplication\Views\Home\Report_ClientHours.cshtml;49;3/16/2015 1:50:55 PM
heartbeat;D:\github\reportspace\source\ReportSpace.WebApplication\Views\Home\Report_ClientHours.cshtml;43;3/16/2015 1:50:55 PM
heartbeat;D:\github\reportspace\source\ReportSpace.WebApplication\Views\Home\Report_ClientHours.cshtml;37;3/16/2015 1:50:55 PM
heartbeat;D:\github\reportspace\source\ReportSpace.WebApplication\Views\Home\Report_ClientHours.cshtml;43;3/16/2015 1:50:56 PM
heartbeat;D:\github\reportspace\source\ReportSpace.WebApplication\Views\Home\Report_ClientHours.cshtml;73;3/16/2015 1:50:58 PM
heartbeat;D:\github\reportspace\source\ReportSpace.WebApplication\Views\Home\Report_ClientHours.cshtml;67;3/16/2015 1:50:58 PM
heartbeat;D:\github\reportspace\source\ReportSpace.WebApplication\Views\Home\Report_ClientHours.cshtml;61;3/16/2015 1:50:58 PM
heartbeat;D:\github\reportspace\source\ReportSpace.WebApplication\Views\Home\Report_ClientHours.cshtml;55;3/16/2015 1:50:58 PM
heartbeat;D:\github\reportspace\source\ReportSpace.WebApplication\Views\Home\Report_ClientHours.cshtml;49;3/16/2015 1:50:58 PM
heartbeat;D:\github\reportspace\source\ReportSpace.WebApplication\Views\Home\Report_ClientHours.cshtml;43;3/16/2015 1:50:58 PM
heartbeat;D:\github\reportspace\source\ReportSpace.WebApplication\Views\Home\Report_ClientHours.cshtml;37;3/16/2015 1:50:58 PM
heartbeat;D:\github\reportspace\source\ReportSpace.WebApplication\Views\Home\Report_ClientHours.cshtml;62;3/16/2015 1:51:21 PM
heartbeat;D:\github\reportspace\source\ReportSpace.WebApplication\Views\Home\Report_ClientHours.cshtml;57;3/16/2015 1:51:23 PM
heartbeat;D:\github\reportspace\source\ReportSpace.WebApplication\Views\Home\Report_ClientHours.cshtml;61;3/16/2015 1:51:24 PM
heartbeat;D:\github\reportspace\source\ReportSpace.WebApplication\Scripts\app\report.js;164;3/16/2015 1:51:48 PM
heartbeat;D:\github\reportspace\source\ReportSpace.WebApplication\Scripts\app\report.js;166;3/16/2015 1:52:08 PM
heartbeat;D:\github\reportspace\source\ReportSpace.WebApplication\Scripts\app\report.js;174;3/16/2015 1:52:11 PM
heartbeat;D:\github\reportspace\source\ReportSpace.WebApplication\Scripts\app\report.js;104;3/16/2015 1:53:06 PM
